app/build/outputs/mapping/release/seeds.txt
com.example.tetris.Juego: int getLatency()
com.example.tetris.Juego: void setPuntos(int)
com.example.tetris.MainActivity
com.example.tetris.Rankings
com.example.tetris.Juego: int getNivel()
com.example.tetris.Exit: void tomarFoto(android.view.View)
com.example.tetris.AudioService
com.example.tetris.Juego: com.example.tetris.AudioService getNewAS()
com.example.tetris.Rankings: Rankings()
com.example.tetris.Exit
com.example.tetris.Juego
com.example.tetris.AudioService: AudioService()
com.example.tetris.Inicio
com.example.tetris.Rankings: void restablecerEstadiaticas(android.view.View)
com.example.tetris.AjustesActivity: AjustesActivity()
com.example.tetris.Juego: void setLatency(int)
com.example.tetris.Exit: Exit()
com.example.tetris.MainActivity: MainActivity()
com.example.tetris.AjustesActivity
com.example.tetris.ColoresActivity: void SetColor(android.view.View)
com.example.tetris.ColoresActivity
com.example.tetris.InstruccionesActivity: InstruccionesActivity()
com.example.tetris.Juego: int getPuntos()
com.example.tetris.Inicio: Inicio()
com.example.tetris.Exit: void Registrar(android.view.View)
com.example.tetris.InstruccionesActivity
com.example.tetris.CreditosActivity
com.example.tetris.Juego: int getNumberOfSongs()
com.example.tetris.CreditosActivity: CreditosActivity()
com.example.tetris.ColoresActivity: ColoresActivity()
...
com.google.android.material.R$animator: int mtrl_card_state_list_anim
androidx.appcompat.widget.AppCompatEditText: java.lang.CharSequence getText()
androidx.recyclerview.widget.RecyclerView: void recordAnimationInfoIfBouncedHiddenView(androidx.recyclerview.widget.RecyclerView$ViewHolder,androidx.recyclerview.widget.RecyclerView$ItemAnimator$ItemHolderInfo)
androidx.appcompat.R$styleable: int AnimatedStateListDrawableCompat_android_dither
androidx.appcompat.R$style: int Base_Widget_AppCompat_SearchView_ActionBar
androidx.recyclerview.R$styleable: int GradientColorItem_android_offset
androidx.appcompat.widget.DialogTitle: DialogTitle(android.content.Context)
com.google.android.material.button.MaterialButton: void setRippleColor(android.content.res.ColorStateList)
androidx.appcompat.R$id: int search_go_btn
com.google.android.material.R$style: int Widget_AppCompat_Light_ActionBar_TabBar_Inverse
com.google.android.material.R$id: int end
com.google.android.material.R$style: int Base_Theme_MaterialComponents_Light_Dialog
androidx.recyclerview.widget.RecyclerView: androidx.recyclerview.widget.ViewInfoStore mViewInfoStore
com.google.android.material.R$style: int ThemeOverlay_MaterialComponents_Dialog_Alert
com.google.android.material.R$color: int mtrl_btn_text_color_disabled
com.google.android.material.R$styleable: int SearchView_android_maxWidth
androidx.appcompat.R$attr: int contentInsetLeft
com.google.android.material.R$style: int Theme_AppCompat_DayNight_DialogWhenLarge
com.google.android.material.R$styleable: int SearchView_queryBackground
androidx.appcompat.R$styleable: int MenuItem_android_id
com.google.android.material.chip.Chip: float getIconEndPadding()
com.google.android.material.R$drawable: int notification_bg_normal
androidx.appcompat.R$style: int AlertDialog_AppCompat
com.google.android.material.bottomappbar.BottomAppBar: float getFabCradleRoundedCornerRadius()
androidx.appcompat.app.AlertController$RecycleListView: AlertController$RecycleListView(android.content.Context)
androidx.appcompat.R$style: int Base_Widget_AppCompat_ActionBar_TabText
com.google.android.material.R$id: int accessibility_custom_action_30
androidx.transition.R$id: int chronometer
com.google.android.material.R$style: int ThemeOverlay_MaterialComponents_MaterialAlertDialog_Picker_Date_Spinner
com.google.android.material.R$color: int ripple_material_light
com.google.android.material.R$string: int mtrl_chip_close_icon_content_description
androidx.appcompat.R$styleable: int AppCompatTheme_textAppearanceSearchResultSubtitle
com.google.android.material.button.MaterialButton: void setPressed(boolean)
androidx.vectordrawable.graphics.drawable.VectorDrawableCompat$VGroup: float getPivotX()
com.google.android.material.R$style: int Theme_MaterialComponents_Light_Dialog_Alert_Bridge
com.google.android.material.R$styleable: int AppCompatTheme_spinnerStyle
com.google.android.material.R$styleable: int Badge_number
com.google.android.material.R$id: int coordinator
com.google.android.material.R$style: int Theme_MaterialComponents_Dialog_MinWidth_Bridge
com.google.android.material.R$styleable: int MaterialCheckBox_buttonTint
com.google.android.material.R$color: int bright_foreground_disabled_material_light
androidx.transition.R$id: int save_non_transition_alpha
androidx.appcompat.R$style: int Base_Animation_AppCompat_DropDownUp
com.google.android.material.R$style: int Base_Widget_AppCompat_Light_ActionBar_TabView
com.google.android.material.R$styleable: int TabLayout_tabUnboundedRipple
com.google.android.material.R$style: int Theme_AppCompat_Light_NoActionBar
com.google.android.material.R$attr: int trackTintMode
androidx.appcompat.R$style: int Base_Widget_AppCompat_ActionButton_CloseMode
androidx.appcompat.R$styleable: int ActionBarLayout_android_layout_gravity
androidx.recyclerview.R$dimen: int notification_big_circle_margin
androidx.appcompat.R$styleable: int[] AppCompatTheme
androidx.appcompat.app.AppCompatViewInflater: java.lang.String[] sClassPrefixList