app/build/outputs/mapping/release/mapping.txt
# compiler: R8
# compiler_version: 1.6.67
# min_api: 15
# pg_map_id: 02e93ce
# common_typos_disable
com.example.tetris.AdminSQLiteOpenHelper -> com.example.tetris.a:
com.example.tetris.AjustesActivity -> com.example.tetris.AjustesActivity:
    android.widget.Button creditos -> v
    android.widget.Button instrucciones -> u
    android.widget.Button colores -> t
com.example.tetris.AjustesActivity$1 -> com.example.tetris.AjustesActivity$a:
    com.example.tetris.AjustesActivity this$0 -> b
com.example.tetris.AjustesActivity$2 -> com.example.tetris.AjustesActivity$b:
    com.example.tetris.AjustesActivity this$0 -> b
com.example.tetris.AjustesActivity$3 -> com.example.tetris.AjustesActivity$c:
    com.example.tetris.AjustesActivity this$0 -> b
com.example.tetris.AudioService -> com.example.tetris.AudioService:
    android.media.MediaPlayer loop -> b
    java.lang.Boolean shouldPause -> a
    void pause() -> a
    void start(android.content.Context,int) -> a
    void inicioLoop(android.content.Context,int) -> b
com.example.tetris.AudioService$1 -> com.example.tetris.AudioService$a:
    com.example.tetris.AudioService this$0 -> b
com.example.tetris.ColoresActivity -> com.example.tetris.ColoresActivity:
    android.widget.Spinner sL -> y
    android.widget.Spinner sJ -> z
    android.widget.Spinner sT -> w
    android.widget.Spinner sS -> x
    android.widget.Spinner sZ -> u
    android.widget.Button buttonCambios -> A
    android.widget.Spinner sI -> v
    android.widget.Spinner sCuadrado -> t
    int randomColor(int) -> d
com.example.tetris.ColoresActivity$1 -> com.example.tetris.ColoresActivity$a:
    com.example.tetris.ColoresActivity this$0 -> b
com.example.tetris.Exit -> com.example.tetris.Exit:
    android.widget.EditText et_nombre -> t
    android.database.sqlite.SQLiteDatabase BaseDeDatos -> u
    android.graphics.Bitmap imageBitmap -> B
    int puntosFinal -> x
    int modo -> y
    com.example.tetris.AdminSQLiteOpenHelper BBDD -> v
    android.widget.ImageView img -> A
    boolean registrado -> w
    android.widget.TextView textPuntActual -> z
    byte[] blob -> C
    int access$000(com.example.tetris.Exit) -> a
    void guardarImagen(android.graphics.Bitmap) -> a
    void fin() -> n
    java.io.File createImageFile() -> o
com.example.tetris.Exit$1 -> com.example.tetris.Exit$a:
    com.example.tetris.Exit this$0 -> b
com.example.tetris.Exit$2 -> com.example.tetris.Exit$b:
    com.example.tetris.Exit this$0 -> b
com.example.tetris.Exit$3 -> com.example.tetris.Exit$c:
    com.example.tetris.Exit this$0 -> b
com.example.tetris.Inicio -> com.example.tetris.Inicio:
    android.widget.ImageView settings -> v
    android.widget.Button muerteSubita -> u
    com.example.tetris.AudioService asIni -> w
    android.widget.Button modoClasico -> t
com.example.tetris.Inicio$1 -> com.example.tetris.Inicio$a:
    com.example.tetris.Inicio this$0 -> b
com.example.tetris.Inicio$2 -> com.example.tetris.Inicio$b:
    com.example.tetris.Inicio this$0 -> b
com.example.tetris.Inicio$3 -> com.example.tetris.Inicio$c:
    com.example.tetris.Inicio this$0 -> b
...
com.google.android.material.animation.AnimationUtils -> b.a.a.a.l.a:
    android.animation.TimeInterpolator LINEAR_INTERPOLATOR -> a
    android.animation.TimeInterpolator FAST_OUT_SLOW_IN_INTERPOLATOR -> b
    android.animation.TimeInterpolator FAST_OUT_LINEAR_IN_INTERPOLATOR -> c
    android.animation.TimeInterpolator LINEAR_OUT_SLOW_IN_INTERPOLATOR -> d
    android.animation.TimeInterpolator DECELERATE_INTERPOLATOR -> e
    float lerp(float,float,float) -> a
com.google.android.material.animation.AnimatorSetCompat -> b.a.a.a.l.b:
    void playTogether(android.animation.AnimatorSet,java.util.List) -> a
com.google.android.material.animation.ArgbEvaluatorCompat -> b.a.a.a.l.c:
    com.google.android.material.animation.ArgbEvaluatorCompat instance -> a
    java.lang.Integer evaluate(float,java.lang.Integer,java.lang.Integer) -> a
    com.google.android.material.animation.ArgbEvaluatorCompat getInstance() -> a
com.google.android.material.animation.ChildrenAlphaProperty -> b.a.a.a.l.d:
    android.util.Property CHILDREN_ALPHA -> a
    java.lang.Float get(android.view.ViewGroup) -> a
    void set(android.view.ViewGroup,java.lang.Float) -> a
com.google.android.material.animation.DrawableAlphaProperty -> b.a.a.a.l.e:
    android.util.Property DRAWABLE_ALPHA_COMPAT -> b
    java.util.WeakHashMap alphaCache -> a
    java.lang.Integer get(android.graphics.drawable.Drawable) -> a
    void set(android.graphics.drawable.Drawable,java.lang.Integer) -> a
com.google.android.material.animation.ImageMatrixProperty -> b.a.a.a.l.f:
    android.graphics.Matrix matrix -> a
    android.graphics.Matrix get(android.widget.ImageView) -> a
    void set(android.widget.ImageView,android.graphics.Matrix) -> a
com.google.android.material.animation.MatrixEvaluator -> b.a.a.a.l.g:
    android.graphics.Matrix tempMatrix -> c
    float[] tempStartValues -> a
    float[] tempEndValues -> b
    android.graphics.Matrix evaluate(float,android.graphics.Matrix,android.graphics.Matrix) -> a
com.google.android.material.animation.MotionSpec -> b.a.a.a.l.h:
    androidx.collection.SimpleArrayMap timings -> a
    androidx.collection.SimpleArrayMap propertyValues -> b
    void addInfoFromAnimator(com.google.android.material.animation.MotionSpec,android.animation.Animator) -> a
    com.google.android.material.animation.MotionSpec createFromAttribute(android.content.Context,android.content.res.TypedArray,int) -> a
    com.google.android.material.animation.MotionSpec createFromResource(android.content.Context,int) -> a
    com.google.android.material.animation.MotionSpec createSpecFromAnimators(java.util.List) -> a
    com.google.android.material.animation.MotionTiming getTiming(java.lang.String) -> a
    long getTotalDuration() -> a
    void setPropertyValues(java.lang.String,android.animation.PropertyValuesHolder[]) -> a
    void setTiming(java.lang.String,com.google.android.material.animation.MotionTiming) -> a
    boolean hasTiming(java.lang.String) -> b
com.google.android.material.animation.MotionTiming -> b.a.a.a.l.i:
    android.animation.TimeInterpolator interpolator -> c
    long duration -> b
    long delay -> a
    int repeatCount -> d
    int repeatMode -> e
    void apply(android.animation.Animator) -> a
    com.google.android.material.animation.MotionTiming createFromAnimator(android.animation.ValueAnimator) -> a
    long getDelay() -> a
    long getDuration() -> b
    android.animation.TimeInterpolator getInterpolatorCompat(android.animation.ValueAnimator) -> b
    android.animation.TimeInterpolator getInterpolator() -> c
    int getRepeatCount() -> d
    int getRepeatMode() -> e
com.google.android.material.animation.Positioning -> b.a.a.a.l.j:
    float yAdjustment -> c
    float xAdjustment -> b
    int gravity -> a
com.google.android.material.animation.TransformationCallback -> b.a.a.a.l.k:
    void onScaleChanged(android.view.View) -> a
    void onTranslationChanged(android.view.View) -> b