app/build/outputs/mapping/release/usage.txt
com.example.tetris.MainActivity:
    public com.example.tetris.AudioService getAudio()
    private android.app.Activity myActivity
    private com.example.tetris.Juego juego
    private android.media.MediaPlayer mediaPlayer
com.example.tetris.R$color
com.example.tetris.R$layout
com.example.tetris.R$id
com.example.tetris.R$raw
com.example.tetris.R$string
com.example.tetris.R$interpolator
com.example.tetris.AudioService:
    private void increase()
    private void decrease()
    static final int DECREASE
    static final int INCREASE
    static final int START
    static final int PAUSE
com.example.tetris.R$xml
com.example.tetris.R$integer
com.example.tetris.R$animator
com.example.tetris.R
com.example.tetris.Pieza:
    public void <init>(com.example.tetris.Pieza)
    public void setAltura(int)
    private com.example.tetris.Pieza pieza
com.example.tetris.R$anim
com.example.tetris.R$dimen
com.example.tetris.R$styleable
com.example.tetris.R$attr
com.example.tetris.Exit:
    private java.lang.String tipoBBDD
    static final int REQUEST_TAKE_PHOTO
    static final int REQUEST_IMAGE_CAPTURE
com.example.tetris.R$style
com.example.tetris.R$drawable
com.example.tetris.R$bool
com.example.tetris.R$plurals
com.example.tetris.BuildConfig
com.example.tetris.R$mipmap
com.example.tetris.Tablero:
    public boolean puedePonerse(com.example.tetris.Pieza)
com.example.tetris.MainActivity:
    private android.widget.ImageButton botonDcha
    private android.widget.ImageButton botonBajar
    private android.widget.ImageButton botonIzda
    private android.widget.ImageButton botonRotar
com.example.tetris.VentanaNext:
    private com.example.tetris.MainActivity mainActivity
com.example.tetris.Juego:
    private java.util.Random random
    private int restoSnap
com.example.tetris.Exit:
    java.lang.String currentPhotoPath
com.example.tetris.Tablero:
    private final int alturaTablero
    private final int anchuraTablero
    private final int numeroPiezas
...
com.google.android.material.circularreveal.CircularRevealFrameLayout:
    public void <init>(android.content.Context)
    public void <init>(android.content.Context,android.util.AttributeSet)
    public void actualDraw(android.graphics.Canvas)
    public boolean actualIsOpaque()
androidx.lifecycle.AndroidViewModel
androidx.appcompat.view.menu.MenuBuilder:
    private void dispatchSaveInstanceState(android.os.Bundle)
    private void dispatchRestoreInstanceState(android.os.Bundle)
    public void savePresenterStates(android.os.Bundle)
    public void restorePresenterStates(android.os.Bundle)
    public void removeItemAt(int)
    public void clearAll()
    public void setShortcutsVisible(boolean)
    public void setCurrentMenuInfo(android.view.ContextMenu$ContextMenuInfo)
    public void setOptionalIconsVisible(boolean)
    private android.util.SparseArray mFrozenViewStates
    private static final java.lang.String TAG
    private static final java.lang.String PRESENTER_KEY
    private static final java.lang.String ACTION_VIEW_STATES_KEY
    private static final java.lang.String EXPANDED_ACTION_VIEW_ID
androidx.transition.R$attr
androidx.recyclerview.widget.RecyclerView$AdapterDataObservable:
    public void notifyItemRangeChanged(int,int)
    public void notifyItemRangeChanged(int,int,java.lang.Object)
    public void notifyItemRangeInserted(int,int)
    public void notifyItemRangeRemoved(int,int)
    public void notifyItemMoved(int,int)
androidx.transition.R
androidx.viewpager2.widget.ViewPager2$1
androidx.loader.app.LoaderManagerImpl$LoaderViewModel:
    void startCreatingLoader()
    boolean isCreatingLoader()
    void finishCreatingLoader()
    void putLoader(int,androidx.loader.app.LoaderManagerImpl$LoaderInfo)
    androidx.loader.app.LoaderManagerImpl$LoaderInfo getLoader(int)
    void removeLoader(int)
    boolean hasRunningLoaders()
androidx.recyclerview.widget.RecyclerView$ViewCacheExtension:
    public void <init>()
androidx.core.app.NotificationBuilderWithBuilderAccessor
androidx.core.view.accessibility.AccessibilityNodeInfoCompat$CollectionInfoCompat:
    public static androidx.core.view.accessibility.AccessibilityNodeInfoCompat$CollectionInfoCompat obtain(int,int,boolean)
    public int getColumnCount()
    public int getRowCount()
    public boolean isHierarchical()
    public int getSelectionMode()
    public static final int SELECTION_MODE_NONE
    public static final int SELECTION_MODE_SINGLE
    public static final int SELECTION_MODE_MULTIPLE
androidx.appcompat.widget.ThemeUtils:
    public static android.content.res.ColorStateList createDisabledStateList(int,int)
    private void <init>()
androidx.viewpager.widget.ViewPager$3
androidx.appcompat.resources.R
androidx.core.app.FrameMetricsAggregator$FrameMetricsBaseImpl
androidx.constraintlayout.solver.widgets.WidgetContainer:
    public void <init>(int,int,int,int)
    public void <init>(int,int)
    public static androidx.constraintlayout.solver.widgets.Rectangle getBounds(java.util.ArrayList)
    public varargs void add(androidx.constraintlayout.solver.widgets.ConstraintWidget[])
    public java.util.ArrayList getChildren()
    public androidx.constraintlayout.solver.widgets.ConstraintWidget findWidget(float,float)
    public java.util.ArrayList findWidgets(int,int,int,int)
androidx.appcompat.app.ActionBarDrawerToggle$Delegate
androidx.appcompat.widget.ActionMenuView:
    private static final java.lang.String TAG
    static final int MIN_CELL_SIZE
    static final int GENERATED_ITEM_PADDING
androidx.annotation.FontRes
androidx.appcompat.widget.ButtonBarLayout:
    private static final int PEEK_BUTTON_DP
androidx.appcompat.widget.RtlSpacingHelper:
    public static final int UNDEFINED
com.google.android.material.behavior.SwipeDismissBehavior$1:
    private static final int INVALID_POINTER_ID